<?xml version="1.0" encoding="UTF-8"?>
<testsuite name="fr.unice.isa.tcf.ClientTest" time="1.876" tests="2" errors="2" skipped="0" failures="0">
  <properties>
[...]
</properties>
  <testcase name="cadastrerTest" classname="fr.unice.isa.tcf.ClientTest" time="1.64">
    <error type="java.lang.NullPointerException:">java.lang.NullPointerException: null
	at fr.unice.isa.tcf.ClientTest.cadastrerTest(ClientTest.java:43)
</error>
    <system-err><![CDATA[mars 05, 2016 4:23:19 PM org.apache.tomee.embedded.Container start
INFOS: Starting TomEE from: /var/folders/s4/8cgfrgxx7qbdlm8nt2llsmkm0000gn/T/arquillian-apache-tomee
mars 05, 2016 4:23:24 PM org.apache.coyote.AbstractProtocol init
INFOS: Initializing ProtocolHandler ["http-bio-8080"]
mars 05, 2016 4:23:25 PM org.apache.catalina.core.StandardService startInternal
INFOS: Starting service Tomcat
mars 05, 2016 4:23:25 PM org.apache.catalina.core.StandardEngine startInternal
INFOS: Starting Servlet Engine: Apache Tomcat/7.0.63
mars 05, 2016 4:23:25 PM org.apache.coyote.AbstractProtocol start
INFOS: Starting ProtocolHandler ["http-bio-8080"]
mars 05, 2016 4:23:30 PM org.apache.openejb.util.OptionsLog info
INFOS: Using 'openejb.jdbc.datasource-creator=org.apache.tomee.jdbc.TomEEDataSourceCreator'
mars 05, 2016 4:23:31 PM org.apache.openejb.OpenEJB$Instance <init>
INFOS: ********************************************************************************
mars 05, 2016 4:23:31 PM org.apache.openejb.OpenEJB$Instance <init>
INFOS: OpenEJB http://tomee.apache.org/
mars 05, 2016 4:23:31 PM org.apache.openejb.OpenEJB$Instance <init>
INFOS: Startup: Sat Mar 05 16:23:31 CET 2016
mars 05, 2016 4:23:31 PM org.apache.openejb.OpenEJB$Instance <init>
INFOS: Copyright 1999-2015 (C) Apache OpenEJB/TomEE Project, All Rights Reserved.
mars 05, 2016 4:23:31 PM org.apache.openejb.OpenEJB$Instance <init>
INFOS: Version: 4.7.3
mars 05, 2016 4:23:31 PM org.apache.openejb.OpenEJB$Instance <init>
INFOS: Build date: 20151204
mars 05, 2016 4:23:31 PM org.apache.openejb.OpenEJB$Instance <init>
INFOS: Build time: 06:14
mars 05, 2016 4:23:31 PM org.apache.openejb.OpenEJB$Instance <init>
INFOS: ********************************************************************************
mars 05, 2016 4:23:31 PM org.apache.openejb.OpenEJB$Instance <init>
INFOS: openejb.home = /private/var/folders/s4/8cgfrgxx7qbdlm8nt2llsmkm0000gn/T/arquillian-apache-tomee
mars 05, 2016 4:23:31 PM org.apache.openejb.OpenEJB$Instance <init>
INFOS: openejb.base = /private/var/folders/s4/8cgfrgxx7qbdlm8nt2llsmkm0000gn/T/arquillian-apache-tomee
mars 05, 2016 4:23:31 PM org.apache.openejb.cdi.CdiBuilder initializeOWB
INFOS: Created new singletonService org.apache.openejb.cdi.ThreadSingletonServiceImpl@76a4ebf2
mars 05, 2016 4:23:31 PM org.apache.openejb.cdi.CdiBuilder initializeOWB
INFOS: Succeeded in installing singleton service
mars 05, 2016 4:23:32 PM org.apache.openejb.config.ConfigurationFactory init
INFOS: openejb configuration file is '/private/var/folders/s4/8cgfrgxx7qbdlm8nt2llsmkm0000gn/T/arquillian-apache-tomee/conf/openejb.xml'
mars 05, 2016 4:23:33 PM org.apache.openejb.config.ConfigurationFactory configureService
INFOS: Configuring Service(id=Tomcat Security Service, type=SecurityService, provider-id=Tomcat Security Service)
mars 05, 2016 4:23:34 PM org.apache.openejb.config.ConfigurationFactory configureService
INFOS: Configuring Service(id=Default Transaction Manager, type=TransactionManager, provider-id=Default Transaction Manager)
mars 05, 2016 4:23:34 PM org.apache.openejb.util.OptionsLog info
INFOS: Using 'openejb.system.apps=false'
mars 05, 2016 4:23:34 PM org.apache.openejb.util.OptionsLog info
INFOS: Using 'openejb.deployments.classpath=false'
mars 05, 2016 4:23:34 PM org.apache.openejb.assembler.classic.Assembler createRecipe
INFOS: Creating TransactionManager(id=Default Transaction Manager)
mars 05, 2016 4:23:34 PM org.apache.openejb.assembler.classic.Assembler createRecipe
INFOS: Creating SecurityService(id=Tomcat Security Service)
mars 05, 2016 4:23:35 PM org.apache.openejb.util.OptionsLog info
INFOS: Using 'openejb.servicemanager.enabled=false'
mars 05, 2016 4:23:51 PM org.apache.openejb.util.JarExtractor extract
INFOS: Extracting jar: /var/folders/s4/8cgfrgxx7qbdlm8nt2llsmkm0000gn/T/arquillian-tomee-app-working-dir/0/92a90d9e-5bbf-4cb4-a855-3d4441766272.war
mars 05, 2016 4:23:51 PM org.apache.openejb.util.JarExtractor extract
INFOS: Extracted path: /var/folders/s4/8cgfrgxx7qbdlm8nt2llsmkm0000gn/T/arquillian-tomee-app-working-dir/0/92a90d9e-5bbf-4cb4-a855-3d4441766272
mars 05, 2016 4:23:51 PM org.apache.tomee.catalina.TomcatWebAppBuilder deployWebApps
INFOS: using default host: localhost
mars 05, 2016 4:23:51 PM org.apache.tomee.catalina.TomcatWebAppBuilder init
INFOS: ------------------------- localhost -> /92a90d9e-5bbf-4cb4-a855-3d4441766272
mars 05, 2016 4:23:55 PM org.apache.openejb.config.ConfigurationFactory configureApplication
INFOS: Configuring enterprise application: /private/var/folders/s4/8cgfrgxx7qbdlm8nt2llsmkm0000gn/T/arquillian-tomee-app-working-dir/0/92a90d9e-5bbf-4cb4-a855-3d4441766272
mars 05, 2016 4:23:59 PM org.apache.openejb.config.InitEjbDeployments deploy
INFOS: Auto-deploying ejb Database: EjbDeployment(deployment-id=Database)
mars 05, 2016 4:23:59 PM org.apache.openejb.config.ConfigurationFactory configureService
INFOS: Configuring Service(id=Default Managed Container, type=Container, provider-id=Default Managed Container)
mars 05, 2016 4:23:59 PM org.apache.openejb.config.AutoConfig createContainer
INFOS: Auto-creating a container for bean 92a90d9e-5bbf-4cb4-a855-3d4441766272.Comp308889081: Container(type=MANAGED, id=Default Managed Container)
mars 05, 2016 4:23:59 PM org.apache.openejb.assembler.classic.Assembler createRecipe
INFOS: Creating Container(id=Default Managed Container)
mars 05, 2016 4:23:59 PM org.apache.openejb.core.managed.SimplePassivater init
INFOS: Using directory /var/folders/s4/8cgfrgxx7qbdlm8nt2llsmkm0000gn/T for stateful session passivation
mars 05, 2016 4:23:59 PM org.apache.openejb.config.ConfigurationFactory configureService
INFOS: Configuring Service(id=Default Singleton Container, type=Container, provider-id=Default Singleton Container)
mars 05, 2016 4:23:59 PM org.apache.openejb.config.AutoConfig createContainer
INFOS: Auto-creating a container for bean Database: Container(type=SINGLETON, id=Default Singleton Container)
mars 05, 2016 4:23:59 PM org.apache.openejb.assembler.classic.Assembler createRecipe
INFOS: Creating Container(id=Default Singleton Container)
mars 05, 2016 4:24:00 PM org.apache.openejb.config.JndiEncInfoBuilder buildEjbRefs
AVERTISSEMENT: Unresolved ejb reference "java:comp/env/client" in bean "92a90d9e-5bbf-4cb4-a855-3d4441766272.Comp".  Will attempt resolution again at runtime.
mars 05, 2016 4:24:00 PM org.apache.openejb.config.JndiEncInfoBuilder buildEjbRefs
AVERTISSEMENT: Unresolved ejb reference "java:comp/env/client" in bean "Database".  Will attempt resolution again at runtime.
mars 05, 2016 4:24:00 PM org.apache.openejb.config.JndiEncInfoBuilder buildEjbRefs
AVERTISSEMENT: Unresolved ejb reference "java:comp/env/client" in bean "92a90d9e-5bbf-4cb4-a855-3d4441766272_fr.unice.isa.tcf.ClientTest".  Will attempt resolution again at runtime.
mars 05, 2016 4:24:00 PM org.apache.openejb.config.JndiEncInfoBuilder buildEjbRefs
AVERTISSEMENT: Unresolved ejb reference "java:comp/env/client" in bean "/private/var/folders/s4/8cgfrgxx7qbdlm8nt2llsmkm0000gn/T/arquillian-tomee-app-working-dir/0/92a90d9e-5bbf-4cb4-a855-3d4441766272".  Will attempt resolution again at runtime.
mars 05, 2016 4:24:00 PM org.apache.openejb.config.AppInfoBuilder build
INFOS: Enterprise application "/private/var/folders/s4/8cgfrgxx7qbdlm8nt2llsmkm0000gn/T/arquillian-tomee-app-working-dir/0/92a90d9e-5bbf-4cb4-a855-3d4441766272" loaded.
mars 05, 2016 4:24:00 PM org.apache.openejb.assembler.classic.Assembler createApplication
INFOS: Assembling app: /private/var/folders/s4/8cgfrgxx7qbdlm8nt2llsmkm0000gn/T/arquillian-tomee-app-working-dir/0/92a90d9e-5bbf-4cb4-a855-3d4441766272
mars 05, 2016 4:24:02 PM org.apache.openejb.assembler.classic.JndiBuilder bind
INFOS: Jndi(name=DatabaseLocalBean) --> Ejb(deployment-id=Database)
mars 05, 2016 4:24:02 PM org.apache.openejb.assembler.classic.JndiBuilder bind
INFOS: Jndi(name=global/92a90d9e-5bbf-4cb4-a855-3d4441766272/Database!fr.unice.isa.tcf.utils.Database) --> Ejb(deployment-id=Database)
mars 05, 2016 4:24:02 PM org.apache.openejb.assembler.classic.JndiBuilder bind
INFOS: Jndi(name=global/92a90d9e-5bbf-4cb4-a855-3d4441766272/Database) --> Ejb(deployment-id=Database)
mars 05, 2016 4:24:02 PM org.apache.openejb.cdi.CdiBuilder initSingleton
INFOS: Existing thread singleton service in SystemInstance(): org.apache.openejb.cdi.ThreadSingletonServiceImpl@76a4ebf2
mars 05, 2016 4:24:04 PM org.apache.openejb.cdi.OpenEJBLifecycle startApplication
INFOS: OpenWebBeans Container is starting...
mars 05, 2016 4:24:05 PM org.apache.webbeans.plugins.PluginLoader startUp
INFOS: Adding OpenWebBeansPlugin : [CdiPlugin]
mars 05, 2016 4:24:05 PM org.apache.webbeans.plugins.PluginLoader startUp
INFOS: Adding OpenWebBeansPlugin : [OpenWebBeansJsfPlugin]
mars 05, 2016 4:24:07 PM org.apache.webbeans.config.BeansDeployer validateInjectionPoints
INFOS: All injection points were validated successfully.
mars 05, 2016 4:24:07 PM org.apache.openejb.cdi.OpenEJBLifecycle startApplication
INFOS: OpenWebBeans Container has started, it took 2556 ms.
mars 05, 2016 4:24:08 PM org.apache.openejb.assembler.classic.Assembler startEjbs
INFOS: Created Ejb(deployment-id=Database, ejb-name=Database, container=Default Singleton Container)
mars 05, 2016 4:24:08 PM org.apache.openejb.assembler.classic.Assembler startEjbs
INFOS: Started Ejb(deployment-id=Database, ejb-name=Database, container=Default Singleton Container)
mars 05, 2016 4:24:08 PM org.apache.openejb.assembler.classic.Assembler createApplication
INFOS: Deployed Application(path=/private/var/folders/s4/8cgfrgxx7qbdlm8nt2llsmkm0000gn/T/arquillian-tomee-app-working-dir/0/92a90d9e-5bbf-4cb4-a855-3d4441766272)
mars 05, 2016 4:24:12 PM org.apache.catalina.util.SessionIdGeneratorBase createSecureRandom
INFOS: Creation of SecureRandom instance for session ID generation using [SHA1PRNG] took [414] milliseconds.
mars 05, 2016 4:24:13 PM org.apache.openejb.InjectionProcessor fillInjectionProperties
AVERTISSEMENT: Injection data not found in JNDI context: jndiName='comp/env/client', target=fr.unice.isa.tcf.ClientTest/client1
]]></system-err>
  </testcase>
  <testcase name="autentificationTest" classname="fr.unice.isa.tcf.ClientTest" time="0.236">
    <error type="java.lang.NullPointerException:">java.lang.NullPointerException: null
	at fr.unice.isa.tcf.ClientTest.autentificationTest(ClientTest.java:31)
</error>
    <system-err><![CDATA[mars 05, 2016 4:24:14 PM org.apache.openejb.InjectionProcessor fillInjectionProperties
AVERTISSEMENT: Injection data not found in JNDI context: jndiName='comp/env/client', target=fr.unice.isa.tcf.ClientTest/client1
]]></system-err>
  </testcase>
</testsuite>